Using pre-set license
Built from '2020.3/staging' branch; Version is '2020.3.17f1 (a4537701e4ab) revision 10769271'; Using compiler version '192528614'; Build Type 'Release'
OS: 'Windows 10 Home; OS build 19043.1348; Version 2009; 64bit' Language: 'en' Physical Memory: 16298 MB
BatchMode: 1, IsHumanControllingUs: 0, StartBugReporterOnCrash: 0, Is64bit: 1, IsPro: 0

COMMAND LINE ARGUMENTS:
C:\Program Files\Unity\Hub\Editor\2020.3.17f1\Editor\Unity.exe
-adb2
-batchMode
-noUpm
-name
AssetImportWorker0
-projectPath
C:/Users/micah/Documents/Unity Projects/AI-Practice/AI-Practice
-logFile
Logs/AssetImportWorker0.log
-srvPort
56917
Successfully changed project path to: C:/Users/micah/Documents/Unity Projects/AI-Practice/AI-Practice
C:/Users/micah/Documents/Unity Projects/AI-Practice/AI-Practice
Using Asset Import Pipeline V2.
Refreshing native plugins compatible for Editor in 37.00 ms, found 3 plugins.
Preloading 0 native plugins for Editor in 0.00 ms.
Initialize engine version: 2020.3.17f1 (a4537701e4ab)
[Subsystems] Discovering subsystems at path C:/Program Files/Unity/Hub/Editor/2020.3.17f1/Editor/Data/Resources/UnitySubsystems
[Subsystems] Discovering subsystems at path C:/Users/micah/Documents/Unity Projects/AI-Practice/AI-Practice/Assets
GfxDevice: creating device client; threaded=0
Direct3D:
    Version:  Direct3D 11.0 [level 11.1]
    Renderer: NVIDIA GeForce RTX 3060 Ti (ID=0x2489)
    Vendor:   
    VRAM:     8050 MB
    Driver:   30.0.14.9613
Shader 'TextMeshPro/Distance Field': fallback shader 'TextMeshPro/Mobile/Distance Field' not found
Initialize mono
Mono path[0] = 'C:/Program Files/Unity/Hub/Editor/2020.3.17f1/Editor/Data/Managed'
Mono path[1] = 'C:/Program Files/Unity/Hub/Editor/2020.3.17f1/Editor/Data/MonoBleedingEdge/lib/mono/unityjit'
Mono config path = 'C:/Program Files/Unity/Hub/Editor/2020.3.17f1/Editor/Data/MonoBleedingEdge/etc'
Using monoOptions --debugger-agent=transport=dt_socket,embedding=1,server=y,suspend=n,address=127.0.0.1:56904
Begin MonoManager ReloadAssembly
Registering precompiled unity dll's ...
Register platform support module: C:/Program Files/Unity/Hub/Editor/2020.3.17f1/Editor/Data/PlaybackEngines/WebGLSupport/UnityEditor.WebGL.Extensions.dll
Register platform support module: C:/Program Files/Unity/Hub/Editor/2020.3.17f1/Editor/Data/PlaybackEngines/WindowsStandaloneSupport/UnityEditor.WindowsStandalone.Extensions.dll
Registered in 0.002512 seconds.
Native extension for WindowsStandalone target not found
Native extension for WebGL target not found
Refreshing native plugins compatible for Editor in 35.80 ms, found 3 plugins.
Preloading 0 native plugins for Editor in 0.00 ms.
Mono: successfully reloaded assembly
- Completed reload, in  1.040 seconds
Domain Reload Profiling:
	ReloadAssembly (1040ms)
		BeginReloadAssembly (46ms)
			ExecutionOrderSort (0ms)
			DisableScriptedObjects (0ms)
			BackupInstance (0ms)
			ReleaseScriptingObjects (0ms)
			CreateAndSetChildDomain (1ms)
		EndReloadAssembly (337ms)
			LoadAssemblies (44ms)
			RebuildTransferFunctionScriptingTraits (0ms)
			SetupTypeCache (119ms)
			ReleaseScriptCaches (0ms)
			RebuildScriptCaches (24ms)
			SetupLoadedEditorAssemblies (137ms)
				LogAssemblyErrors (0ms)
				InitializePlatformSupportModulesInManaged (4ms)
				SetLoadedEditorAssemblies (0ms)
				RefreshPlugins (36ms)
				BeforeProcessingInitializeOnLoad (14ms)
				ProcessInitializeOnLoadAttributes (61ms)
				ProcessInitializeOnLoadMethodAttributes (21ms)
				AfterProcessingInitializeOnLoad (0ms)
				EditorAssembliesLoaded (0ms)
			ExecutionOrderSort2 (0ms)
			AwakeInstancesAfterBackupRestoration (0ms)
Platform modules already initialized, skipping
Registering precompiled user dll's ...
Registered in 0.003923 seconds.
Begin MonoManager ReloadAssembly
Native extension for WindowsStandalone target not found
Native extension for WebGL target not found
Refreshing native plugins compatible for Editor in 35.25 ms, found 3 plugins.
Preloading 0 native plugins for Editor in 0.00 ms.
Mono: successfully reloaded assembly
- Completed reload, in  0.968 seconds
Domain Reload Profiling:
	ReloadAssembly (969ms)
		BeginReloadAssembly (121ms)
			ExecutionOrderSort (0ms)
			DisableScriptedObjects (3ms)
			BackupInstance (0ms)
			ReleaseScriptingObjects (0ms)
			CreateAndSetChildDomain (17ms)
		EndReloadAssembly (793ms)
			LoadAssemblies (76ms)
			RebuildTransferFunctionScriptingTraits (0ms)
			SetupTypeCache (237ms)
			ReleaseScriptCaches (1ms)
			RebuildScriptCaches (39ms)
			SetupLoadedEditorAssemblies (342ms)
				LogAssemblyErrors (0ms)
				InitializePlatformSupportModulesInManaged (4ms)
				SetLoadedEditorAssemblies (0ms)
				RefreshPlugins (35ms)
				BeforeProcessingInitializeOnLoad (69ms)
				ProcessInitializeOnLoadAttributes (216ms)
				ProcessInitializeOnLoadMethodAttributes (10ms)
				AfterProcessingInitializeOnLoad (7ms)
				EditorAssembliesLoaded (0ms)
			ExecutionOrderSort2 (0ms)
			AwakeInstancesAfterBackupRestoration (5ms)
Platform modules already initialized, skipping
========================================================================
Worker process is ready to serve import requests
Shader 'TextMeshPro/Distance Field': fallback shader 'TextMeshPro/Mobile/Distance Field' not found
Launched and connected shader compiler UnityShaderCompiler.exe after 0.05 seconds
Refreshing native plugins compatible for Editor in 0.52 ms, found 3 plugins.
Preloading 0 native plugins for Editor in 0.00 ms.
Unloading 2103 Unused Serialized files (Serialized files now loaded: 0)
System memory in use before: 93.5 MB.
System memory in use after: 93.6 MB.

Unloading 28 unused Assets to reduce memory usage. Loaded Objects now: 2540.
Total: 3.015700 ms (FindLiveObjects: 0.223300 ms CreateObjectMapping: 0.055800 ms MarkObjects: 2.676000 ms  DeleteObjects: 0.059600 ms)

AssetImportParameters requested are different than current active one (requested -> active):
  custom:framework-win-MediaFoundation: 216162199b28c13a410421893ffa2e32 -> 
  custom:video-decoder-ogg-theora: a1e56fd34408186e4bbccfd4996cb3dc -> 
  custom:container-muxer-webm: aa71ff27fc2769a1b78a27578f13a17b -> 
  custom:container-demuxer-webm: 4f35f7cbe854078d1ac9338744f61a02 -> 
  custom:container-demuxer-ogg: 62fdf1f143b41e24485cea50d1cbac27 -> 
  custom:video-encoder-webm-vp8: eb34c28f22e8b96e1ab97ce403110664 -> 
  custom:video-decoder-webm-vp8: 9c59270c3fd7afecdb556c50c9e8de78 -> 
  custom:audio-decoder-ogg-vorbis: bf7c407c2cedff20999df2af8eb42d56 -> 
  custom:audio-encoder-webm-vorbis: bf7c407c2cedff20999df2af8eb42d56 -> 
========================================================================
Received Import Request.
  path: Assets/Tarodev Pathfinding/_Scripts/Pathfinding.cs
  artifactKey: Guid(f21e204ed46ccf049a68c8ed606c9b9c) Importer(815301076,1909f56bfc062723c751e8b465ee728b)
Start importing Assets/Tarodev Pathfinding/_Scripts/Pathfinding.cs using Guid(f21e204ed46ccf049a68c8ed606c9b9c) Importer(815301076,1909f56bfc062723c751e8b465ee728b)  -> (artifact id: 'b10393c3b985f54495650de3aac84d13') in 0.020290 seconds 
  Import took 0.024290 seconds .

========================================================================
Received Import Request.
  Time since last request: 0.000183 seconds.
  path: Assets/Tarodev Pathfinding
  artifactKey: Guid(68d03413b2a084546bc7519c72553bb8) Importer(815301076,1909f56bfc062723c751e8b465ee728b)
Start importing Assets/Tarodev Pathfinding using Guid(68d03413b2a084546bc7519c72553bb8) Importer(815301076,1909f56bfc062723c751e8b465ee728b)  -> (artifact id: '9f2051db108d607f1b6673a9b8ff1325') in 0.006183 seconds 
  Import took 0.009227 seconds .

========================================================================
Received Prepare
Registering precompiled user dll's ...
Registered in 0.004116 seconds.
Begin MonoManager ReloadAssembly
Native extension for WindowsStandalone target not found
Native extension for WebGL target not found
Refreshing native plugins compatible for Editor in 0.51 ms, found 3 plugins.
Preloading 0 native plugins for Editor in 0.00 ms.
Mono: successfully reloaded assembly
- Completed reload, in  0.886 seconds
Domain Reload Profiling:
	ReloadAssembly (887ms)
		BeginReloadAssembly (102ms)
			ExecutionOrderSort (0ms)
			DisableScriptedObjects (5ms)
			BackupInstance (0ms)
			ReleaseScriptingObjects (0ms)
			CreateAndSetChildDomain (33ms)
		EndReloadAssembly (730ms)
			LoadAssemblies (78ms)
			RebuildTransferFunctionScriptingTraits (0ms)
			SetupTypeCache (229ms)
			ReleaseScriptCaches (1ms)
			RebuildScriptCaches (35ms)
			SetupLoadedEditorAssemblies (299ms)
				LogAssemblyErrors (0ms)
				InitializePlatformSupportModulesInManaged (5ms)
				SetLoadedEditorAssemblies (0ms)
				RefreshPlugins (1ms)
				BeforeProcessingInitializeOnLoad (70ms)
				ProcessInitializeOnLoadAttributes (212ms)
				ProcessInitializeOnLoadMethodAttributes (4ms)
				AfterProcessingInitializeOnLoad (7ms)
				EditorAssembliesLoaded (0ms)
			ExecutionOrderSort2 (0ms)
			AwakeInstancesAfterBackupRestoration (9ms)
Platform modules already initialized, skipping
Shader 'TextMeshPro/Distance Field': fallback shader 'TextMeshPro/Mobile/Distance Field' not found
Refreshing native plugins compatible for Editor in 0.57 ms, found 3 plugins.
Preloading 0 native plugins for Editor in 0.00 ms.
Unloading 2081 Unused Serialized files (Serialized files now loaded: 0)
System memory in use before: 92.7 MB.
System memory in use after: 92.8 MB.

Unloading 27 unused Assets to reduce memory usage. Loaded Objects now: 2532.
Total: 2.895300 ms (FindLiveObjects: 0.234400 ms CreateObjectMapping: 0.046000 ms MarkObjects: 2.587400 ms  DeleteObjects: 0.026400 ms)

AssetImportParameters requested are different than current active one (requested -> active):
  custom:framework-win-MediaFoundation: 216162199b28c13a410421893ffa2e32 -> 
  custom:video-decoder-ogg-theora: a1e56fd34408186e4bbccfd4996cb3dc -> 
  custom:container-muxer-webm: aa71ff27fc2769a1b78a27578f13a17b -> 
  custom:container-demuxer-webm: 4f35f7cbe854078d1ac9338744f61a02 -> 
  custom:container-demuxer-ogg: 62fdf1f143b41e24485cea50d1cbac27 -> 
  custom:video-encoder-webm-vp8: eb34c28f22e8b96e1ab97ce403110664 -> 
  custom:video-decoder-webm-vp8: 9c59270c3fd7afecdb556c50c9e8de78 -> 
  custom:audio-decoder-ogg-vorbis: bf7c407c2cedff20999df2af8eb42d56 -> 
  custom:audio-encoder-webm-vorbis: bf7c407c2cedff20999df2af8eb42d56 -> 
========================================================================
Received Import Request.
  Time since last request: 18.458836 seconds.
  path: Assets/Scenes/A Pathfiding.unity
  artifactKey: Guid(2cda990e2423bbf4892e6590ba056729) Importer(815301076,1909f56bfc062723c751e8b465ee728b)
Start importing Assets/Scenes/A Pathfiding.unity using Guid(2cda990e2423bbf4892e6590ba056729) Importer(815301076,1909f56bfc062723c751e8b465ee728b)  -> (artifact id: '8d1b2ef14a94166c668aeacabe7dbf26') in 0.015984 seconds 
  Import took 0.019792 seconds .

========================================================================
Received Import Request.
  Time since last request: 6.618288 seconds.
  path: Assets
  artifactKey: Guid(00000000000000001000000000000000) Importer(815301076,1909f56bfc062723c751e8b465ee728b)
Start importing Assets using Guid(00000000000000001000000000000000) Importer(815301076,1909f56bfc062723c751e8b465ee728b)  -> (artifact id: '42d402b061de3733987d63b9cc3b64de') in 0.005438 seconds 
  Import took 0.009179 seconds .

========================================================================
Received Import Request.
  Time since last request: 1.893809 seconds.
  path: Assets/Scenes
  artifactKey: Guid(92ef988610e3af7468ada1b20a018e28) Importer(815301076,1909f56bfc062723c751e8b465ee728b)
Start importing Assets/Scenes using Guid(92ef988610e3af7468ada1b20a018e28) Importer(815301076,1909f56bfc062723c751e8b465ee728b)  -> (artifact id: 'ab38c767f10b1994526e0d5b98524f5d') in 0.005767 seconds 
  Import took 0.009280 seconds .

========================================================================
Received Import Request.
  Time since last request: 12.415662 seconds.
  path: Assets/Scenes/Pathfinding Practice.unity
  artifactKey: Guid(6f61d28fbd2ab8048917428cdd22ec13) Importer(815301076,1909f56bfc062723c751e8b465ee728b)
Start importing Assets/Scenes/Pathfinding Practice.unity using Guid(6f61d28fbd2ab8048917428cdd22ec13) Importer(815301076,1909f56bfc062723c751e8b465ee728b)  -> (artifact id: '10096e6bb1a14b7ade51203408ac40a7') in 0.006086 seconds 
  Import took 0.009863 seconds .

========================================================================
Received Import Request.
  Time since last request: 21.235593 seconds.
  path: Assets/Scripts
  artifactKey: Guid(34fc9889d38c4844a94df955bcce7c19) Importer(815301076,1909f56bfc062723c751e8b465ee728b)
Start importing Assets/Scripts using Guid(34fc9889d38c4844a94df955bcce7c19) Importer(815301076,1909f56bfc062723c751e8b465ee728b)  -> (artifact id: '620d3cb9e2fe9160419364d51c8ed1e9') in 0.006115 seconds 
  Import took 0.009875 seconds .

========================================================================
Received Import Request.
  Time since last request: 4.733539 seconds.
  path: Assets/Scripts/Node.cs
  artifactKey: Guid(e4404628136000448adda4accfa35c54) Importer(815301076,1909f56bfc062723c751e8b465ee728b)
Start importing Assets/Scripts/Node.cs using Guid(e4404628136000448adda4accfa35c54) Importer(815301076,1909f56bfc062723c751e8b465ee728b)  -> (artifact id: 'b517dcc9e50d6ef49309830147e489e8') in 0.005469 seconds 
  Import took 0.008570 seconds .

========================================================================
Received Prepare
Registering precompiled user dll's ...
Registered in 0.003976 seconds.
Begin MonoManager ReloadAssembly
Native extension for WindowsStandalone target not found
Native extension for WebGL target not found
Refreshing native plugins compatible for Editor in 0.67 ms, found 3 plugins.
Preloading 0 native plugins for Editor in 0.00 ms.
Mono: successfully reloaded assembly
- Completed reload, in  0.942 seconds
Domain Reload Profiling:
	ReloadAssembly (942ms)
		BeginReloadAssembly (98ms)
			ExecutionOrderSort (0ms)
			DisableScriptedObjects (5ms)
			BackupInstance (0ms)
			ReleaseScriptingObjects (0ms)
			CreateAndSetChildDomain (31ms)
		EndReloadAssembly (776ms)
			LoadAssemblies (79ms)
			RebuildTransferFunctionScriptingTraits (0ms)
			SetupTypeCache (242ms)
			ReleaseScriptCaches (1ms)
			RebuildScriptCaches (36ms)
			SetupLoadedEditorAssemblies (327ms)
				LogAssemblyErrors (0ms)
				InitializePlatformSupportModulesInManaged (5ms)
				SetLoadedEditorAssemblies (1ms)
				RefreshPlugins (1ms)
				BeforeProcessingInitializeOnLoad (74ms)
				ProcessInitializeOnLoadAttributes (234ms)
				ProcessInitializeOnLoadMethodAttributes (4ms)
				AfterProcessingInitializeOnLoad (8ms)
				EditorAssembliesLoaded (0ms)
			ExecutionOrderSort2 (0ms)
			AwakeInstancesAfterBackupRestoration (9ms)
Platform modules already initialized, skipping
Shader 'TextMeshPro/Distance Field': fallback shader 'TextMeshPro/Mobile/Distance Field' not found
Refreshing native plugins compatible for Editor in 0.55 ms, found 3 plugins.
Preloading 0 native plugins for Editor in 0.00 ms.
Unloading 2082 Unused Serialized files (Serialized files now loaded: 0)
System memory in use before: 92.7 MB.
System memory in use after: 92.8 MB.

Unloading 16 unused Assets to reduce memory usage. Loaded Objects now: 2536.
Total: 2.913400 ms (FindLiveObjects: 0.227300 ms CreateObjectMapping: 0.045700 ms MarkObjects: 2.621800 ms  DeleteObjects: 0.016900 ms)

AssetImportParameters requested are different than current active one (requested -> active):
  custom:framework-win-MediaFoundation: 216162199b28c13a410421893ffa2e32 -> 
  custom:video-decoder-ogg-theora: a1e56fd34408186e4bbccfd4996cb3dc -> 
  custom:container-muxer-webm: aa71ff27fc2769a1b78a27578f13a17b -> 
  custom:container-demuxer-webm: 4f35f7cbe854078d1ac9338744f61a02 -> 
  custom:container-demuxer-ogg: 62fdf1f143b41e24485cea50d1cbac27 -> 
  custom:video-encoder-webm-vp8: eb34c28f22e8b96e1ab97ce403110664 -> 
  custom:video-decoder-webm-vp8: 9c59270c3fd7afecdb556c50c9e8de78 -> 
  custom:audio-decoder-ogg-vorbis: bf7c407c2cedff20999df2af8eb42d56 -> 
  custom:audio-encoder-webm-vorbis: bf7c407c2cedff20999df2af8eb42d56 -> 
========================================================================
Received Import Request.
  Time since last request: 95.990422 seconds.
  path: Assets/Scripts/Node.cs
  artifactKey: Guid(e4404628136000448adda4accfa35c54) Importer(815301076,1909f56bfc062723c751e8b465ee728b)
Start importing Assets/Scripts/Node.cs using Guid(e4404628136000448adda4accfa35c54) Importer(815301076,1909f56bfc062723c751e8b465ee728b)  -> (artifact id: '59361a3509dd17efd0605f24a0380cf4') in 0.013171 seconds 
  Import took 0.018453 seconds .

========================================================================
Received Import Request.
  Time since last request: 94.723847 seconds.
  path: Assets/Scripts/Node.cs
  artifactKey: Guid(e4404628136000448adda4accfa35c54) Importer(815301076,1909f56bfc062723c751e8b465ee728b)
Start importing Assets/Scripts/Node.cs using Guid(e4404628136000448adda4accfa35c54) Importer(815301076,1909f56bfc062723c751e8b465ee728b)  -> (artifact id: 'bfdbe4944f03d6523f1a6e0ba0b09e7b') in 0.009851 seconds 
  Import took 0.014332 seconds .

========================================================================
Received Import Request.
  Time since last request: 12.599551 seconds.
  path: Assets/Scripts/Node.cs
  artifactKey: Guid(e4404628136000448adda4accfa35c54) Importer(815301076,1909f56bfc062723c751e8b465ee728b)
Start importing Assets/Scripts/Node.cs using Guid(e4404628136000448adda4accfa35c54) Importer(815301076,1909f56bfc062723c751e8b465ee728b)  -> (artifact id: '268aacca2eb50db1668ecb7681a94b0f') in 0.011346 seconds 
  Import took 0.015758 seconds .

========================================================================
Received Import Request.
  Time since last request: 28.109552 seconds.
  path: Assets/Scripts/Node.cs
  artifactKey: Guid(e4404628136000448adda4accfa35c54) Importer(815301076,1909f56bfc062723c751e8b465ee728b)
Start importing Assets/Scripts/Node.cs using Guid(e4404628136000448adda4accfa35c54) Importer(815301076,1909f56bfc062723c751e8b465ee728b)  -> (artifact id: '3d76e3d80b241233e1a0c21ba075a985') in 0.012544 seconds 
  Import took 0.017275 seconds .

========================================================================
Received Import Request.
  Time since last request: 44.553962 seconds.
  path: Assets/Scripts/Node.cs
  artifactKey: Guid(e4404628136000448adda4accfa35c54) Importer(815301076,1909f56bfc062723c751e8b465ee728b)
Start importing Assets/Scripts/Node.cs using Guid(e4404628136000448adda4accfa35c54) Importer(815301076,1909f56bfc062723c751e8b465ee728b)  -> (artifact id: 'a3ec7908ac43dbca95c43ef8e741ae22') in 0.008829 seconds 
  Import took 0.012974 seconds .

========================================================================
Received Import Request.
  Time since last request: 40.680314 seconds.
  path: Assets/Scripts/Node.cs
  artifactKey: Guid(e4404628136000448adda4accfa35c54) Importer(815301076,1909f56bfc062723c751e8b465ee728b)
Start importing Assets/Scripts/Node.cs using Guid(e4404628136000448adda4accfa35c54) Importer(815301076,1909f56bfc062723c751e8b465ee728b)  -> (artifact id: 'dfc19a97d371f5b24ba16e29acc9badf') in 0.015335 seconds 
  Import took 0.019346 seconds .

========================================================================
Received Prepare
Registering precompiled user dll's ...
Registered in 0.004217 seconds.
Begin MonoManager ReloadAssembly
Native extension for WindowsStandalone target not found
Native extension for WebGL target not found
Refreshing native plugins compatible for Editor in 0.53 ms, found 3 plugins.
Preloading 0 native plugins for Editor in 0.00 ms.
Mono: successfully reloaded assembly
- Completed reload, in  0.891 seconds
Domain Reload Profiling:
	ReloadAssembly (891ms)
		BeginReloadAssembly (97ms)
			ExecutionOrderSort (0ms)
			DisableScriptedObjects (6ms)
			BackupInstance (0ms)
			ReleaseScriptingObjects (0ms)
			CreateAndSetChildDomain (31ms)
		EndReloadAssembly (737ms)
			LoadAssemblies (75ms)
			RebuildTransferFunctionScriptingTraits (0ms)
			SetupTypeCache (236ms)
			ReleaseScriptCaches (1ms)
			RebuildScriptCaches (37ms)
			SetupLoadedEditorAssemblies (301ms)
				LogAssemblyErrors (0ms)
				InitializePlatformSupportModulesInManaged (5ms)
				SetLoadedEditorAssemblies (0ms)
				RefreshPlugins (1ms)
				BeforeProcessingInitializeOnLoad (73ms)
				ProcessInitializeOnLoadAttributes (210ms)
				ProcessInitializeOnLoadMethodAttributes (5ms)
				AfterProcessingInitializeOnLoad (7ms)
				EditorAssembliesLoaded (0ms)
			ExecutionOrderSort2 (0ms)
			AwakeInstancesAfterBackupRestoration (9ms)
Platform modules already initialized, skipping
Shader 'TextMeshPro/Distance Field': fallback shader 'TextMeshPro/Mobile/Distance Field' not found
Refreshing native plugins compatible for Editor in 0.51 ms, found 3 plugins.
Preloading 0 native plugins for Editor in 0.00 ms.
Unloading 2082 Unused Serialized files (Serialized files now loaded: 0)
System memory in use before: 92.7 MB.
System memory in use after: 92.9 MB.

Unloading 16 unused Assets to reduce memory usage. Loaded Objects now: 2539.
Total: 2.888700 ms (FindLiveObjects: 0.203900 ms CreateObjectMapping: 0.044900 ms MarkObjects: 2.621200 ms  DeleteObjects: 0.017600 ms)

AssetImportParameters requested are different than current active one (requested -> active):
  custom:framework-win-MediaFoundation: 216162199b28c13a410421893ffa2e32 -> 
  custom:video-decoder-ogg-theora: a1e56fd34408186e4bbccfd4996cb3dc -> 
  custom:container-muxer-webm: aa71ff27fc2769a1b78a27578f13a17b -> 
  custom:container-demuxer-webm: 4f35f7cbe854078d1ac9338744f61a02 -> 
  custom:container-demuxer-ogg: 62fdf1f143b41e24485cea50d1cbac27 -> 
  custom:video-encoder-webm-vp8: eb34c28f22e8b96e1ab97ce403110664 -> 
  custom:video-decoder-webm-vp8: 9c59270c3fd7afecdb556c50c9e8de78 -> 
  custom:audio-decoder-ogg-vorbis: bf7c407c2cedff20999df2af8eb42d56 -> 
  custom:audio-encoder-webm-vorbis: bf7c407c2cedff20999df2af8eb42d56 -> 
========================================================================
Received Import Request.
  Time since last request: 18.653110 seconds.
  path: Assets/Scripts/Grid.cs
  artifactKey: Guid(30b3310e78228474a91582c32b5a14a1) Importer(815301076,1909f56bfc062723c751e8b465ee728b)
Start importing Assets/Scripts/Grid.cs using Guid(30b3310e78228474a91582c32b5a14a1) Importer(815301076,1909f56bfc062723c751e8b465ee728b)  -> (artifact id: '09fabcf190fcf34bfab139c6f86c2b34') in 0.008879 seconds 
  Import took 0.012360 seconds .

========================================================================
Received Import Request.
  Time since last request: 0.004053 seconds.
  path: Assets/Scripts/Grid.cs
  artifactKey: Guid(30b3310e78228474a91582c32b5a14a1) Importer(815301076,1909f56bfc062723c751e8b465ee728b)
Start importing Assets/Scripts/Grid.cs using Guid(30b3310e78228474a91582c32b5a14a1) Importer(815301076,1909f56bfc062723c751e8b465ee728b)  -> (artifact id: '09fabcf190fcf34bfab139c6f86c2b34') in 0.002493 seconds 
  Import took 0.005713 seconds .

========================================================================
Received Prepare
Registering precompiled user dll's ...
Registered in 0.010516 seconds.
Begin MonoManager ReloadAssembly
Native extension for WindowsStandalone target not found
Native extension for WebGL target not found
Refreshing native plugins compatible for Editor in 0.91 ms, found 3 plugins.
Preloading 0 native plugins for Editor in 0.00 ms.
Mono: successfully reloaded assembly
- Completed reload, in  0.920 seconds
Domain Reload Profiling:
	ReloadAssembly (921ms)
		BeginReloadAssembly (113ms)
			ExecutionOrderSort (0ms)
			DisableScriptedObjects (6ms)
			BackupInstance (0ms)
			ReleaseScriptingObjects (0ms)
			CreateAndSetChildDomain (36ms)
		EndReloadAssembly (752ms)
			LoadAssemblies (75ms)
			RebuildTransferFunctionScriptingTraits (0ms)
			SetupTypeCache (231ms)
			ReleaseScriptCaches (1ms)
			RebuildScriptCaches (35ms)
			SetupLoadedEditorAssemblies (314ms)
				LogAssemblyErrors (0ms)
				InitializePlatformSupportModulesInManaged (6ms)
				SetLoadedEditorAssemblies (0ms)
				RefreshPlugins (1ms)
				BeforeProcessingInitializeOnLoad (76ms)
				ProcessInitializeOnLoadAttributes (219ms)
				ProcessInitializeOnLoadMethodAttributes (5ms)
				AfterProcessingInitializeOnLoad (7ms)
				EditorAssembliesLoaded (0ms)
			ExecutionOrderSort2 (0ms)
			AwakeInstancesAfterBackupRestoration (9ms)
Platform modules already initialized, skipping
Shader 'TextMeshPro/Distance Field': fallback shader 'TextMeshPro/Mobile/Distance Field' not found
Refreshing native plugins compatible for Editor in 0.87 ms, found 3 plugins.
Preloading 0 native plugins for Editor in 0.00 ms.
Unloading 2083 Unused Serialized files (Serialized files now loaded: 0)
System memory in use before: 92.8 MB.
System memory in use after: 92.9 MB.

Unloading 16 unused Assets to reduce memory usage. Loaded Objects now: 2543.
Total: 3.943300 ms (FindLiveObjects: 0.275400 ms CreateObjectMapping: 0.048800 ms MarkObjects: 3.593600 ms  DeleteObjects: 0.023900 ms)

AssetImportParameters requested are different than current active one (requested -> active):
  custom:framework-win-MediaFoundation: 216162199b28c13a410421893ffa2e32 -> 
  custom:video-decoder-ogg-theora: a1e56fd34408186e4bbccfd4996cb3dc -> 
  custom:container-muxer-webm: aa71ff27fc2769a1b78a27578f13a17b -> 
  custom:container-demuxer-webm: 4f35f7cbe854078d1ac9338744f61a02 -> 
  custom:container-demuxer-ogg: 62fdf1f143b41e24485cea50d1cbac27 -> 
  custom:video-encoder-webm-vp8: eb34c28f22e8b96e1ab97ce403110664 -> 
  custom:video-decoder-webm-vp8: 9c59270c3fd7afecdb556c50c9e8de78 -> 
  custom:audio-decoder-ogg-vorbis: bf7c407c2cedff20999df2af8eb42d56 -> 
  custom:audio-encoder-webm-vorbis: bf7c407c2cedff20999df2af8eb42d56 -> 
========================================================================
Received Import Request.
  Time since last request: 7.734125 seconds.
  path: Assets/Scripts/Pathfinding.cs
  artifactKey: Guid(a320bae058e06bf468b0125f3c8bce08) Importer(815301076,1909f56bfc062723c751e8b465ee728b)
Start importing Assets/Scripts/Pathfinding.cs using Guid(a320bae058e06bf468b0125f3c8bce08) Importer(815301076,1909f56bfc062723c751e8b465ee728b)  -> (artifact id: 'c686d056cb4213bc5a93e6c6fc2cb08c') in 0.005956 seconds 
  Import took 0.009369 seconds .

========================================================================
Received Import Request.
  Time since last request: 0.006239 seconds.
  path: Assets/Scripts/Pathfinding.cs
  artifactKey: Guid(a320bae058e06bf468b0125f3c8bce08) Importer(815301076,1909f56bfc062723c751e8b465ee728b)
Start importing Assets/Scripts/Pathfinding.cs using Guid(a320bae058e06bf468b0125f3c8bce08) Importer(815301076,1909f56bfc062723c751e8b465ee728b)  -> (artifact id: 'c686d056cb4213bc5a93e6c6fc2cb08c') in 0.002753 seconds 
  Import took 0.006267 seconds .

========================================================================
Received Prepare
Registering precompiled user dll's ...
Registered in 0.004976 seconds.
Begin MonoManager ReloadAssembly
Native extension for WindowsStandalone target not found
Native extension for WebGL target not found
Refreshing native plugins compatible for Editor in 0.56 ms, found 3 plugins.
Preloading 0 native plugins for Editor in 0.00 ms.
Mono: successfully reloaded assembly
- Completed reload, in  0.912 seconds
Domain Reload Profiling:
	ReloadAssembly (912ms)
		BeginReloadAssembly (116ms)
			ExecutionOrderSort (0ms)
			DisableScriptedObjects (5ms)
			BackupInstance (0ms)
			ReleaseScriptingObjects (0ms)
			CreateAndSetChildDomain (32ms)
		EndReloadAssembly (738ms)
			LoadAssemblies (81ms)
			RebuildTransferFunctionScriptingTraits (0ms)
			SetupTypeCache (229ms)
			ReleaseScriptCaches (1ms)
			RebuildScriptCaches (38ms)
			SetupLoadedEditorAssemblies (302ms)
				LogAssemblyErrors (0ms)
				InitializePlatformSupportModulesInManaged (5ms)
				SetLoadedEditorAssemblies (0ms)
				RefreshPlugins (1ms)
				BeforeProcessingInitializeOnLoad (72ms)
				ProcessInitializeOnLoadAttributes (213ms)
				ProcessInitializeOnLoadMethodAttributes (4ms)
				AfterProcessingInitializeOnLoad (8ms)
				EditorAssembliesLoaded (0ms)
			ExecutionOrderSort2 (0ms)
			AwakeInstancesAfterBackupRestoration (9ms)
Platform modules already initialized, skipping
Shader 'TextMeshPro/Distance Field': fallback shader 'TextMeshPro/Mobile/Distance Field' not found
Refreshing native plugins compatible for Editor in 0.52 ms, found 3 plugins.
Preloading 0 native plugins for Editor in 0.00 ms.
Unloading 2084 Unused Serialized files (Serialized files now loaded: 0)
System memory in use before: 92.8 MB.
System memory in use after: 92.9 MB.

Unloading 16 unused Assets to reduce memory usage. Loaded Objects now: 2547.
Total: 2.886700 ms (FindLiveObjects: 0.225600 ms CreateObjectMapping: 0.046800 ms MarkObjects: 2.597700 ms  DeleteObjects: 0.015600 ms)

AssetImportParameters requested are different than current active one (requested -> active):
  custom:framework-win-MediaFoundation: 216162199b28c13a410421893ffa2e32 -> 
  custom:video-decoder-ogg-theora: a1e56fd34408186e4bbccfd4996cb3dc -> 
  custom:container-muxer-webm: aa71ff27fc2769a1b78a27578f13a17b -> 
  custom:container-demuxer-webm: 4f35f7cbe854078d1ac9338744f61a02 -> 
  custom:container-demuxer-ogg: 62fdf1f143b41e24485cea50d1cbac27 -> 
  custom:video-encoder-webm-vp8: eb34c28f22e8b96e1ab97ce403110664 -> 
  custom:video-decoder-webm-vp8: 9c59270c3fd7afecdb556c50c9e8de78 -> 
  custom:audio-decoder-ogg-vorbis: bf7c407c2cedff20999df2af8eb42d56 -> 
  custom:audio-encoder-webm-vorbis: bf7c407c2cedff20999df2af8eb42d56 -> 
========================================================================
Received Import Request.
  Time since last request: 791.046324 seconds.
  path: Assets/Scenes/Pathfinding Practice.unity
  artifactKey: Guid(6f61d28fbd2ab8048917428cdd22ec13) Importer(815301076,1909f56bfc062723c751e8b465ee728b)
Start importing Assets/Scenes/Pathfinding Practice.unity using Guid(6f61d28fbd2ab8048917428cdd22ec13) Importer(815301076,1909f56bfc062723c751e8b465ee728b)  -> (artifact id: '4e8411514542f28945e90424577923f4') in 0.016136 seconds 
  Import took 0.019659 seconds .

========================================================================
Received Import Request.
  Time since last request: 66.278091 seconds.
  path: Assets/Scripts/Grid.cs
  artifactKey: Guid(30b3310e78228474a91582c32b5a14a1) Importer(815301076,1909f56bfc062723c751e8b465ee728b)
Start importing Assets/Scripts/Grid.cs using Guid(30b3310e78228474a91582c32b5a14a1) Importer(815301076,1909f56bfc062723c751e8b465ee728b)  -> (artifact id: '4efec40b04d4fe2914fb1fac2f530fbc') in 0.010787 seconds 
  Import took 0.016381 seconds .

========================================================================
Received Import Request.
  Time since last request: 26.222143 seconds.
  path: Assets/Scripts/Grid.cs
  artifactKey: Guid(30b3310e78228474a91582c32b5a14a1) Importer(815301076,1909f56bfc062723c751e8b465ee728b)
Start importing Assets/Scripts/Grid.cs using Guid(30b3310e78228474a91582c32b5a14a1) Importer(815301076,1909f56bfc062723c751e8b465ee728b)  -> (artifact id: 'e30466c42abc7cd172b2fc85ad44cc8d') in 0.010844 seconds 
  Import took 0.015586 seconds .

========================================================================
Received Import Request.
  Time since last request: 42.149177 seconds.
  path: Assets/Scripts/Grid.cs
  artifactKey: Guid(30b3310e78228474a91582c32b5a14a1) Importer(815301076,1909f56bfc062723c751e8b465ee728b)
Start importing Assets/Scripts/Grid.cs using Guid(30b3310e78228474a91582c32b5a14a1) Importer(815301076,1909f56bfc062723c751e8b465ee728b)  -> (artifact id: '1e087cc53ca3857d21aa0ee45a5384ef') in 0.011902 seconds 
  Import took 0.016070 seconds .

========================================================================
Received Import Request.
  Time since last request: 8.422652 seconds.
  path: Assets/Scripts/Grid.cs
  artifactKey: Guid(30b3310e78228474a91582c32b5a14a1) Importer(815301076,1909f56bfc062723c751e8b465ee728b)
Start importing Assets/Scripts/Grid.cs using Guid(30b3310e78228474a91582c32b5a14a1) Importer(815301076,1909f56bfc062723c751e8b465ee728b)  -> (artifact id: 'c2af503f4ffbd191bfe08dda2f51a78f') in 0.010654 seconds 
  Import took 0.015233 seconds .

========================================================================
Received Import Request.
  Time since last request: 2.876417 seconds.
  path: Assets/Scripts/Grid.cs
  artifactKey: Guid(30b3310e78228474a91582c32b5a14a1) Importer(815301076,1909f56bfc062723c751e8b465ee728b)
Start importing Assets/Scripts/Grid.cs using Guid(30b3310e78228474a91582c32b5a14a1) Importer(815301076,1909f56bfc062723c751e8b465ee728b)  -> (artifact id: 'e03005c241703779d0c8d26fd071f72e') in 0.002640 seconds 
  Import took 0.005775 seconds .

========================================================================
Received Import Request.
  Time since last request: 6.541076 seconds.
  path: Assets/Scripts/Grid.cs
  artifactKey: Guid(30b3310e78228474a91582c32b5a14a1) Importer(815301076,1909f56bfc062723c751e8b465ee728b)
Start importing Assets/Scripts/Grid.cs using Guid(30b3310e78228474a91582c32b5a14a1) Importer(815301076,1909f56bfc062723c751e8b465ee728b)  -> (artifact id: 'a108c2303c58534e01bbb57f1232d20b') in 0.011781 seconds 
  Import took 0.015842 seconds .

========================================================================
Received Import Request.
  Time since last request: 411.155598 seconds.
  path: Assets/Scripts/Grid.cs
  artifactKey: Guid(30b3310e78228474a91582c32b5a14a1) Importer(815301076,1909f56bfc062723c751e8b465ee728b)
Start importing Assets/Scripts/Grid.cs using Guid(30b3310e78228474a91582c32b5a14a1) Importer(815301076,1909f56bfc062723c751e8b465ee728b)  -> (artifact id: 'e30c1f5aadc7ed068768ad7b662df07f') in 0.015002 seconds 
  Import took 0.019293 seconds .

========================================================================
Received Import Request.
  Time since last request: 569.399057 seconds.
  path: Assets/Scripts/Grid.cs
  artifactKey: Guid(30b3310e78228474a91582c32b5a14a1) Importer(815301076,1909f56bfc062723c751e8b465ee728b)
Start importing Assets/Scripts/Grid.cs using Guid(30b3310e78228474a91582c32b5a14a1) Importer(815301076,1909f56bfc062723c751e8b465ee728b)  -> (artifact id: 'a4b235e1d1d700dc6a863dc113749fe0') in 0.008442 seconds 
  Import took 0.017430 seconds .

========================================================================
Received Import Request.
  Time since last request: 59.954536 seconds.
  path: Assets/Scripts/Grid.cs
  artifactKey: Guid(30b3310e78228474a91582c32b5a14a1) Importer(815301076,1909f56bfc062723c751e8b465ee728b)
Start importing Assets/Scripts/Grid.cs using Guid(30b3310e78228474a91582c32b5a14a1) Importer(815301076,1909f56bfc062723c751e8b465ee728b)  -> (artifact id: '6689b77a5af278c9ddaab19de851b4d0') in 0.012193 seconds 
  Import took 0.016436 seconds .

========================================================================
Received Import Request.
  Time since last request: 31.810167 seconds.
  path: Assets/Scripts/Grid.cs
  artifactKey: Guid(30b3310e78228474a91582c32b5a14a1) Importer(815301076,1909f56bfc062723c751e8b465ee728b)
Start importing Assets/Scripts/Grid.cs using Guid(30b3310e78228474a91582c32b5a14a1) Importer(815301076,1909f56bfc062723c751e8b465ee728b)  -> (artifact id: 'e96b00ae778816ef9fa3da91a409fbf0') in 0.012995 seconds 
  Import took 0.019057 seconds .

========================================================================
Received Import Request.
  Time since last request: 3.077627 seconds.
  path: Assets/Scripts/Grid.cs
  artifactKey: Guid(30b3310e78228474a91582c32b5a14a1) Importer(815301076,1909f56bfc062723c751e8b465ee728b)
Start importing Assets/Scripts/Grid.cs using Guid(30b3310e78228474a91582c32b5a14a1) Importer(815301076,1909f56bfc062723c751e8b465ee728b)  -> (artifact id: '1937ac51ec39b457a99024268a106248') in 0.002390 seconds 
  Import took 0.005493 seconds .

========================================================================
Received Import Request.
  Time since last request: 643.378457 seconds.
  path: Assets/Scripts/Grid.cs
  artifactKey: Guid(30b3310e78228474a91582c32b5a14a1) Importer(815301076,1909f56bfc062723c751e8b465ee728b)
Start importing Assets/Scripts/Grid.cs using Guid(30b3310e78228474a91582c32b5a14a1) Importer(815301076,1909f56bfc062723c751e8b465ee728b)  -> (artifact id: '49a28d8b694febf0d86edbf838445316') in 0.008465 seconds 
  Import took 0.012956 seconds .

========================================================================
Received Import Request.
  Time since last request: 2.487818 seconds.
  path: Assets/Scripts/Grid.cs
  artifactKey: Guid(30b3310e78228474a91582c32b5a14a1) Importer(815301076,1909f56bfc062723c751e8b465ee728b)
Start importing Assets/Scripts/Grid.cs using Guid(30b3310e78228474a91582c32b5a14a1) Importer(815301076,1909f56bfc062723c751e8b465ee728b)  -> (artifact id: 'd8e4775c3e22ce247913ef5001694b0a') in 0.002220 seconds 
  Import took 0.005286 seconds .

========================================================================
Received Import Request.
  Time since last request: 0.000933 seconds.
  path: Assets/Scripts/Grid.cs
  artifactKey: Guid(30b3310e78228474a91582c32b5a14a1) Importer(815301076,1909f56bfc062723c751e8b465ee728b)
Start importing Assets/Scripts/Grid.cs using Guid(30b3310e78228474a91582c32b5a14a1) Importer(815301076,1909f56bfc062723c751e8b465ee728b)  -> (artifact id: 'd8e4775c3e22ce247913ef5001694b0a') in 0.002138 seconds 
  Import took 0.005481 seconds .

========================================================================
Received Import Request.
  Time since last request: 55.090989 seconds.
  path: Assets/Scripts/Grid.cs
  artifactKey: Guid(30b3310e78228474a91582c32b5a14a1) Importer(815301076,1909f56bfc062723c751e8b465ee728b)
Start importing Assets/Scripts/Grid.cs using Guid(30b3310e78228474a91582c32b5a14a1) Importer(815301076,1909f56bfc062723c751e8b465ee728b)  -> (artifact id: 'e6995e40dd1b3cd2b04d0e7f6e97cfcd') in 0.020691 seconds 
  Import took 0.025639 seconds .

========================================================================
Received Import Request.
  Time since last request: 193.200993 seconds.
  path: Assets/Scripts/Grid.cs
  artifactKey: Guid(30b3310e78228474a91582c32b5a14a1) Importer(815301076,1909f56bfc062723c751e8b465ee728b)
Start importing Assets/Scripts/Grid.cs using Guid(30b3310e78228474a91582c32b5a14a1) Importer(815301076,1909f56bfc062723c751e8b465ee728b)  -> (artifact id: 'f448ea19c8d89d3817e2a902aaf7194d') in 0.013543 seconds 
  Import took 0.017687 seconds .

========================================================================
Received Import Request.
  Time since last request: 3.182901 seconds.
  path: Assets/Scripts/Grid.cs
  artifactKey: Guid(30b3310e78228474a91582c32b5a14a1) Importer(815301076,1909f56bfc062723c751e8b465ee728b)
Start importing Assets/Scripts/Grid.cs using Guid(30b3310e78228474a91582c32b5a14a1) Importer(815301076,1909f56bfc062723c751e8b465ee728b)  -> (artifact id: '05343daac5c256678358ab70f7744eb7') in 0.002808 seconds 
  Import took 0.005862 seconds .

========================================================================
Received Import Request.
  Time since last request: 4.357108 seconds.
  path: Assets/Scripts/Grid.cs
  artifactKey: Guid(30b3310e78228474a91582c32b5a14a1) Importer(815301076,1909f56bfc062723c751e8b465ee728b)
Start importing Assets/Scripts/Grid.cs using Guid(30b3310e78228474a91582c32b5a14a1) Importer(815301076,1909f56bfc062723c751e8b465ee728b)  -> (artifact id: '54bf4da09159cb00dfe17839fd0f98ec') in 0.012474 seconds 
  Import took 0.016921 seconds .

========================================================================
Received Import Request.
  Time since last request: 27.351175 seconds.
  path: Assets/Scripts/Grid.cs
  artifactKey: Guid(30b3310e78228474a91582c32b5a14a1) Importer(815301076,1909f56bfc062723c751e8b465ee728b)
Start importing Assets/Scripts/Grid.cs using Guid(30b3310e78228474a91582c32b5a14a1) Importer(815301076,1909f56bfc062723c751e8b465ee728b)  -> (artifact id: '1027d4f27a544cf5ddfa24120b58ba27') in 0.011449 seconds 
  Import took 0.023372 seconds .

========================================================================
Received Import Request.
  Time since last request: 12.230409 seconds.
  path: Assets/Scripts/Grid.cs
  artifactKey: Guid(30b3310e78228474a91582c32b5a14a1) Importer(815301076,1909f56bfc062723c751e8b465ee728b)
Start importing Assets/Scripts/Grid.cs using Guid(30b3310e78228474a91582c32b5a14a1) Importer(815301076,1909f56bfc062723c751e8b465ee728b)  -> (artifact id: '57c5582a7ba478c8d5a777c2f249cbb9') in 0.009169 seconds 
  Import took 0.015787 seconds .

========================================================================
Received Prepare
Registering precompiled user dll's ...
Registered in 0.149198 seconds.
Begin MonoManager ReloadAssembly
Native extension for WindowsStandalone target not found
Native extension for WebGL target not found
Refreshing native plugins compatible for Editor in 0.55 ms, found 3 plugins.
Preloading 0 native plugins for Editor in 0.00 ms.
Mono: successfully reloaded assembly
- Completed reload, in  1.039 seconds
Domain Reload Profiling:
	ReloadAssembly (1040ms)
		BeginReloadAssembly (145ms)
			ExecutionOrderSort (0ms)
			DisableScriptedObjects (11ms)
			BackupInstance (0ms)
			ReleaseScriptingObjects (0ms)
			CreateAndSetChildDomain (54ms)
		EndReloadAssembly (836ms)
			LoadAssemblies (87ms)
			RebuildTransferFunctionScriptingTraits (0ms)
			SetupTypeCache (240ms)
			ReleaseScriptCaches (1ms)
			RebuildScriptCaches (35ms)
			SetupLoadedEditorAssemblies (386ms)
				LogAssemblyErrors (0ms)
				InitializePlatformSupportModulesInManaged (6ms)
				SetLoadedEditorAssemblies (0ms)
				RefreshPlugins (1ms)
				BeforeProcessingInitializeOnLoad (76ms)
				ProcessInitializeOnLoadAttributes (292ms)
				ProcessInitializeOnLoadMethodAttributes (4ms)
				AfterProcessingInitializeOnLoad (7ms)
				EditorAssembliesLoaded (0ms)
			ExecutionOrderSort2 (0ms)
			AwakeInstancesAfterBackupRestoration (9ms)
Platform modules already initialized, skipping
Shader 'TextMeshPro/Distance Field': fallback shader 'TextMeshPro/Mobile/Distance Field' not found
Refreshing native plugins compatible for Editor in 0.54 ms, found 3 plugins.
Preloading 0 native plugins for Editor in 0.00 ms.
Unloading 2084 Unused Serialized files (Serialized files now loaded: 0)
System memory in use before: 92.8 MB.
System memory in use after: 93.0 MB.

Unloading 16 unused Assets to reduce memory usage. Loaded Objects now: 2550.
Total: 2.937800 ms (FindLiveObjects: 0.237300 ms CreateObjectMapping: 0.045500 ms MarkObjects: 2.636500 ms  DeleteObjects: 0.017300 ms)

AssetImportParameters requested are different than current active one (requested -> active):
  custom:framework-win-MediaFoundation: 216162199b28c13a410421893ffa2e32 -> 
  custom:video-decoder-ogg-theora: a1e56fd34408186e4bbccfd4996cb3dc -> 
  custom:container-muxer-webm: aa71ff27fc2769a1b78a27578f13a17b -> 
  custom:container-demuxer-webm: 4f35f7cbe854078d1ac9338744f61a02 -> 
  custom:container-demuxer-ogg: 62fdf1f143b41e24485cea50d1cbac27 -> 
  custom:video-encoder-webm-vp8: eb34c28f22e8b96e1ab97ce403110664 -> 
  custom:video-decoder-webm-vp8: 9c59270c3fd7afecdb556c50c9e8de78 -> 
  custom:audio-decoder-ogg-vorbis: bf7c407c2cedff20999df2af8eb42d56 -> 
  custom:audio-encoder-webm-vorbis: bf7c407c2cedff20999df2af8eb42d56 -> 
========================================================================
Received Import Request.
  Time since last request: 26.018653 seconds.
  path: Assets/Scripts/Grid.cs
  artifactKey: Guid(30b3310e78228474a91582c32b5a14a1) Importer(815301076,1909f56bfc062723c751e8b465ee728b)
Start importing Assets/Scripts/Grid.cs using Guid(30b3310e78228474a91582c32b5a14a1) Importer(815301076,1909f56bfc062723c751e8b465ee728b)  -> (artifact id: 'b9649ad4a82dd1dd54ab01ef5cb6180c') in 0.005405 seconds 
  Import took 0.008435 seconds .

========================================================================
Received Prepare
Registering precompiled user dll's ...
Registered in 0.003996 seconds.
Begin MonoManager ReloadAssembly
Native extension for WindowsStandalone target not found
Native extension for WebGL target not found
Refreshing native plugins compatible for Editor in 0.51 ms, found 3 plugins.
Preloading 0 native plugins for Editor in 0.00 ms.
Mono: successfully reloaded assembly
- Completed reload, in  0.896 seconds
Domain Reload Profiling:
	ReloadAssembly (897ms)
		BeginReloadAssembly (106ms)
			ExecutionOrderSort (0ms)
			DisableScriptedObjects (5ms)
			BackupInstance (0ms)
			ReleaseScriptingObjects (0ms)
			CreateAndSetChildDomain (31ms)
		EndReloadAssembly (728ms)
			LoadAssemblies (82ms)
			RebuildTransferFunctionScriptingTraits (0ms)
			SetupTypeCache (230ms)
			ReleaseScriptCaches (1ms)
			RebuildScriptCaches (38ms)
			SetupLoadedEditorAssemblies (297ms)
				LogAssemblyErrors (0ms)
				InitializePlatformSupportModulesInManaged (5ms)
				SetLoadedEditorAssemblies (0ms)
				RefreshPlugins (1ms)
				BeforeProcessingInitializeOnLoad (70ms)
				ProcessInitializeOnLoadAttributes (210ms)
				ProcessInitializeOnLoadMethodAttributes (4ms)
				AfterProcessingInitializeOnLoad (7ms)
				EditorAssembliesLoaded (0ms)
			ExecutionOrderSort2 (0ms)
			AwakeInstancesAfterBackupRestoration (8ms)
Platform modules already initialized, skipping
Shader 'TextMeshPro/Distance Field': fallback shader 'TextMeshPro/Mobile/Distance Field' not found
Refreshing native plugins compatible for Editor in 0.55 ms, found 3 plugins.
Preloading 0 native plugins for Editor in 0.00 ms.
Unloading 2084 Unused Serialized files (Serialized files now loaded: 0)
System memory in use before: 92.8 MB.
System memory in use after: 93.0 MB.

Unloading 16 unused Assets to reduce memory usage. Loaded Objects now: 2553.
Total: 3.101200 ms (FindLiveObjects: 0.257200 ms CreateObjectMapping: 0.047000 ms MarkObjects: 2.757700 ms  DeleteObjects: 0.038200 ms)

AssetImportParameters requested are different than current active one (requested -> active):
  custom:framework-win-MediaFoundation: 216162199b28c13a410421893ffa2e32 -> 
  custom:video-decoder-ogg-theora: a1e56fd34408186e4bbccfd4996cb3dc -> 
  custom:container-muxer-webm: aa71ff27fc2769a1b78a27578f13a17b -> 
  custom:container-demuxer-webm: 4f35f7cbe854078d1ac9338744f61a02 -> 
  custom:container-demuxer-ogg: 62fdf1f143b41e24485cea50d1cbac27 -> 
  custom:video-encoder-webm-vp8: eb34c28f22e8b96e1ab97ce403110664 -> 
  custom:video-decoder-webm-vp8: 9c59270c3fd7afecdb556c50c9e8de78 -> 
  custom:audio-decoder-ogg-vorbis: bf7c407c2cedff20999df2af8eb42d56 -> 
  custom:audio-encoder-webm-vorbis: bf7c407c2cedff20999df2af8eb42d56 -> 
========================================================================
Received Import Request.
  Time since last request: 56.134966 seconds.
  path: Assets/Scripts/Grid.cs
  artifactKey: Guid(30b3310e78228474a91582c32b5a14a1) Importer(815301076,1909f56bfc062723c751e8b465ee728b)
Start importing Assets/Scripts/Grid.cs using Guid(30b3310e78228474a91582c32b5a14a1) Importer(815301076,1909f56bfc062723c751e8b465ee728b)  -> (artifact id: '759f063a6a4f04aa0c7cdd6afc0af21a') in 0.014297 seconds 
  Import took 0.019778 seconds .

========================================================================
Received Import Request.
  Time since last request: 0.111574 seconds.
  path: Assets/Scripts/Grid.cs
  artifactKey: Guid(30b3310e78228474a91582c32b5a14a1) Importer(815301076,1909f56bfc062723c751e8b465ee728b)
Start importing Assets/Scripts/Grid.cs using Guid(30b3310e78228474a91582c32b5a14a1) Importer(815301076,1909f56bfc062723c751e8b465ee728b)  -> (artifact id: '759f063a6a4f04aa0c7cdd6afc0af21a') in 0.005135 seconds 
  Import took 0.009210 seconds .

========================================================================
Received Import Request.
  Time since last request: 4.108404 seconds.
  path: Assets/Scripts/Grid.cs
  artifactKey: Guid(30b3310e78228474a91582c32b5a14a1) Importer(815301076,1909f56bfc062723c751e8b465ee728b)
Start importing Assets/Scripts/Grid.cs using Guid(30b3310e78228474a91582c32b5a14a1) Importer(815301076,1909f56bfc062723c751e8b465ee728b)  -> (artifact id: '0e052bb214eff236622a68b1f188962a') in 0.008362 seconds 
  Import took 0.012710 seconds .

========================================================================
Received Prepare
Registering precompiled user dll's ...
Registered in 0.004557 seconds.
Begin MonoManager ReloadAssembly
Native extension for WindowsStandalone target not found
Native extension for WebGL target not found
Refreshing native plugins compatible for Editor in 0.80 ms, found 3 plugins.
Preloading 0 native plugins for Editor in 0.00 ms.
Mono: successfully reloaded assembly
- Completed reload, in  1.099 seconds
Domain Reload Profiling:
	ReloadAssembly (1099ms)
		BeginReloadAssembly (101ms)
			ExecutionOrderSort (0ms)
			DisableScriptedObjects (5ms)
			BackupInstance (0ms)
			ReleaseScriptingObjects (0ms)
			CreateAndSetChildDomain (32ms)
		EndReloadAssembly (935ms)
			LoadAssemblies (77ms)
			RebuildTransferFunctionScriptingTraits (0ms)
			SetupTypeCache (225ms)
			ReleaseScriptCaches (1ms)
			RebuildScriptCaches (35ms)
			SetupLoadedEditorAssemblies (507ms)
				LogAssemblyErrors (0ms)
				InitializePlatformSupportModulesInManaged (9ms)
				SetLoadedEditorAssemblies (1ms)
				RefreshPlugins (1ms)
				BeforeProcessingInitializeOnLoad (181ms)
				ProcessInitializeOnLoadAttributes (304ms)
				ProcessInitializeOnLoadMethodAttributes (4ms)
				AfterProcessingInitializeOnLoad (7ms)
				EditorAssembliesLoaded (0ms)
			ExecutionOrderSort2 (0ms)
			AwakeInstancesAfterBackupRestoration (11ms)
Platform modules already initialized, skipping
Shader 'TextMeshPro/Distance Field': fallback shader 'TextMeshPro/Mobile/Distance Field' not found
Refreshing native plugins compatible for Editor in 0.53 ms, found 3 plugins.
Preloading 0 native plugins for Editor in 0.00 ms.
Unloading 2084 Unused Serialized files (Serialized files now loaded: 0)
System memory in use before: 92.9 MB.
System memory in use after: 93.0 MB.

Unloading 16 unused Assets to reduce memory usage. Loaded Objects now: 2556.
Total: 3.376500 ms (FindLiveObjects: 0.236200 ms CreateObjectMapping: 0.045900 ms MarkObjects: 3.072200 ms  DeleteObjects: 0.021200 ms)

AssetImportParameters requested are different than current active one (requested -> active):
  custom:framework-win-MediaFoundation: 216162199b28c13a410421893ffa2e32 -> 
  custom:video-decoder-ogg-theora: a1e56fd34408186e4bbccfd4996cb3dc -> 
  custom:container-muxer-webm: aa71ff27fc2769a1b78a27578f13a17b -> 
  custom:container-demuxer-webm: 4f35f7cbe854078d1ac9338744f61a02 -> 
  custom:container-demuxer-ogg: 62fdf1f143b41e24485cea50d1cbac27 -> 
  custom:video-encoder-webm-vp8: eb34c28f22e8b96e1ab97ce403110664 -> 
  custom:video-decoder-webm-vp8: 9c59270c3fd7afecdb556c50c9e8de78 -> 
  custom:audio-decoder-ogg-vorbis: bf7c407c2cedff20999df2af8eb42d56 -> 
  custom:audio-encoder-webm-vorbis: bf7c407c2cedff20999df2af8eb42d56 -> 
AssetImportWorkerClient::OnTransportError - code=2 error=End of file
